<?xml version="1.0" encoding="UTF-8"?>
<coverage generated="1705400410783" clover="3.2.0">
  <project timestamp="1705400410784" name="All files">
    <metrics statements="90" coveredstatements="76" conditionals="51" coveredconditionals="37" methods="30" coveredmethods="23" elements="171" coveredelements="136" complexity="0" loc="90" ncloc="90" packages="2" files="9" classes="9"/>
    <package name="components">
      <metrics statements="26" coveredstatements="15" conditionals="10" coveredconditionals="3" methods="10" coveredmethods="6"/>
      <file name="Board.jsx" path="/home/eoin/www/vite/Memory/src/components/Board.jsx">
        <metrics statements="2" coveredstatements="2" conditionals="0" coveredconditionals="0" methods="2" coveredmethods="2"/>
        <line num="6" count="1" type="stmt"/>
        <line num="10" count="8" type="stmt"/>
      </file>
      <file name="Button.jsx" path="/home/eoin/www/vite/Memory/src/components/Button.jsx">
        <metrics statements="3" coveredstatements="1" conditionals="6" coveredconditionals="1" methods="2" coveredmethods="1"/>
        <line num="4" count="1" type="stmt"/>
        <line num="9" count="0" type="cond" truecount="0" falsecount="4"/>
        <line num="10" count="0" type="stmt"/>
      </file>
      <file name="Card.jsx" path="/home/eoin/www/vite/Memory/src/components/Card.jsx">
        <metrics statements="3" coveredstatements="3" conditionals="4" coveredconditionals="2" methods="1" coveredmethods="1"/>
        <line num="2" count="9" type="cond" truecount="1" falsecount="1"/>
        <line num="3" count="9" type="cond" truecount="1" falsecount="1"/>
        <line num="5" count="9" type="stmt"/>
      </file>
      <file name="Settings.jsx" path="/home/eoin/www/vite/Memory/src/components/Settings.jsx">
        <metrics statements="18" coveredstatements="9" conditionals="0" coveredconditionals="0" methods="5" coveredmethods="2"/>
        <line num="9" count="1" type="stmt"/>
        <line num="10" count="1" type="stmt"/>
        <line num="11" count="1" type="stmt"/>
        <line num="12" count="1" type="stmt"/>
        <line num="13" count="1" type="stmt"/>
        <line num="14" count="1" type="stmt"/>
        <line num="16" count="1" type="stmt"/>
        <line num="27" count="0" type="stmt"/>
        <line num="28" count="0" type="stmt"/>
        <line num="29" count="0" type="stmt"/>
        <line num="40" count="0" type="stmt"/>
        <line num="41" count="0" type="stmt"/>
        <line num="42" count="0" type="stmt"/>
        <line num="47" count="7" type="stmt"/>
        <line num="48" count="7" type="stmt"/>
        <line num="59" count="0" type="stmt"/>
        <line num="60" count="0" type="stmt"/>
        <line num="61" count="0" type="stmt"/>
      </file>
    </package>
    <package name="helpers">
      <metrics statements="64" coveredstatements="61" conditionals="41" coveredconditionals="34" methods="20" coveredmethods="17"/>
      <file name="array.js" path="/home/eoin/www/vite/Memory/src/helpers/array.js">
        <metrics statements="5" coveredstatements="5" conditionals="0" coveredconditionals="0" methods="2" coveredmethods="2"/>
        <line num="9" count="15" type="stmt"/>
        <line num="10" count="698" type="stmt"/>
        <line num="11" count="698" type="stmt"/>
        <line num="13" count="15" type="stmt"/>
        <line num="25" count="8" type="stmt"/>
      </file>
      <file name="deck.js" path="/home/eoin/www/vite/Memory/src/helpers/deck.js">
        <metrics statements="32" coveredstatements="32" conditionals="22" coveredconditionals="20" methods="10" coveredmethods="10"/>
        <line num="4" count="3" type="stmt"/>
        <line num="15" count="7" type="stmt"/>
        <line num="16" count="7" type="stmt"/>
        <line num="17" count="7" type="cond" truecount="1" falsecount="1"/>
        <line num="18" count="7" type="cond" truecount="2" falsecount="0"/>
        <line num="20" count="7" type="stmt"/>
        <line num="22" count="7" type="stmt"/>
        <line num="23" count="7" type="cond" truecount="1" falsecount="1"/>
        <line num="24" count="7" type="stmt"/>
        <line num="25" count="632" type="cond" truecount="2" falsecount="0"/>
        <line num="26" count="32" type="stmt"/>
        <line num="34" count="7" type="stmt"/>
        <line num="35" count="7" type="stmt"/>
        <line num="47" count="3" type="stmt"/>
        <line num="48" count="3" type="stmt"/>
        <line num="49" count="24" type="cond" truecount="4" falsecount="0"/>
        <line num="50" count="4" type="stmt"/>
        <line num="54" count="3" type="cond" truecount="4" falsecount="0"/>
        <line num="55" count="2" type="stmt"/>
        <line num="57" count="1" type="stmt"/>
        <line num="70" count="2" type="stmt"/>
        <line num="71" count="16" type="cond" truecount="2" falsecount="0"/>
        <line num="72" count="14" type="stmt"/>
        <line num="75" count="2" type="stmt"/>
        <line num="87" count="2" type="stmt"/>
        <line num="88" count="2" type="stmt"/>
        <line num="89" count="16" type="cond" truecount="2" falsecount="0"/>
        <line num="90" count="8" type="stmt"/>
        <line num="94" count="2" type="stmt"/>
        <line num="106" count="7" type="stmt"/>
        <line num="107" count="7" type="stmt"/>
        <line num="108" count="683" type="stmt"/>
      </file>
      <file name="defaults.js" path="/home/eoin/www/vite/Memory/src/helpers/defaults.js">
        <metrics statements="0" coveredstatements="0" conditionals="0" coveredconditionals="0" methods="0" coveredmethods="0"/>
      </file>
      <file name="sfx.js" path="/home/eoin/www/vite/Memory/src/helpers/sfx.js">
        <metrics statements="3" coveredstatements="1" conditionals="2" coveredconditionals="0" methods="1" coveredmethods="0"/>
        <line num="5" count="0" type="cond" truecount="0" falsecount="2"/>
        <line num="6" count="0" type="stmt"/>
        <line num="9" count="1" type="stmt"/>
      </file>
      <file name="storage.js" path="/home/eoin/www/vite/Memory/src/helpers/storage.js">
        <metrics statements="24" coveredstatements="23" conditionals="17" coveredconditionals="14" methods="7" coveredmethods="5"/>
        <line num="3" count="2" type="stmt"/>
        <line num="9" count="2" type="cond" truecount="1" falsecount="1"/>
        <line num="19" count="2" type="stmt"/>
        <line num="20" count="10" type="stmt"/>
        <line num="21" count="10" type="cond" truecount="4" falsecount="0"/>
        <line num="22" count="3" type="stmt"/>
        <line num="24" count="10" type="stmt"/>
        <line num="36" count="2" type="stmt"/>
        <line num="37" count="4" type="stmt"/>
        <line num="48" count="2" type="stmt"/>
        <line num="49" count="2" type="stmt"/>
        <line num="55" count="2" type="stmt"/>
        <line num="56" count="2" type="stmt"/>
        <line num="57" count="2" type="stmt"/>
        <line num="58" count="2" type="stmt"/>
        <line num="59" count="2" type="stmt"/>
        <line num="61" count="0" type="stmt"/>
        <line num="66" count="10" type="cond" truecount="2" falsecount="0"/>
        <line num="67" count="3" type="stmt"/>
        <line num="70" count="10" type="cond" truecount="2" falsecount="0"/>
        <line num="71" count="10" type="cond" truecount="2" falsecount="0"/>
        <line num="73" count="10" type="cond" truecount="1" falsecount="1"/>
        <line num="74" count="10" type="cond" truecount="1" falsecount="1"/>
        <line num="76" count="10" type="stmt"/>
      </file>
    </package>
  </project>
</coverage>
