{"/home/eoin/www/vite/Memory/src/components/Board.jsx": {"path":"/home/eoin/www/vite/Memory/src/components/Board.jsx","statementMap":{"0":{"start":{"line":6,"column":2},"end":{"line":16,"column":3}},"1":{"start":{"line":10,"column":10},"end":{"line":12,"column":11}}},"fnMap":{"0":{"name":"Board","decl":{"start":{"line":3,"column":24},"end":{"line":3,"column":29}},"loc":{"start":{"line":3,"column":53},"end":{"line":17,"column":1}},"line":3},"1":{"name":"(anonymous_1)","decl":{"start":{"line":9,"column":19},"end":{"line":9,"column":20}},"loc":{"start":{"line":9,"column":32},"end":{"line":13,"column":9}},"line":9}},"branchMap":{},"s":{"0":1,"1":8},"f":{"0":1,"1":8},"b":{},"_coverageSchema":"1a1c01bbd47fc00a2c39e90264f33305004495a9","hash":"a9a4b1f215e58ed54248f9a2a0265137ac6be894"}
,"/home/eoin/www/vite/Memory/src/components/Button.jsx": {"path":"/home/eoin/www/vite/Memory/src/components/Button.jsx","statementMap":{"0":{"start":{"line":4,"column":4},"end":{"line":15,"column":6}},"1":{"start":{"line":9,"column":20},"end":{"line":9,"column":69}},"2":{"start":{"line":9,"column":62},"end":{"line":9,"column":69}},"3":{"start":{"line":10,"column":20},"end":{"line":10,"column":32}}},"fnMap":{"0":{"name":"Button","decl":{"start":{"line":3,"column":24},"end":{"line":3,"column":30}},"loc":{"start":{"line":3,"column":38},"end":{"line":16,"column":1}},"line":3},"1":{"name":"(anonymous_1)","decl":{"start":{"line":8,"column":25},"end":{"line":8,"column":26}},"loc":{"start":{"line":8,"column":31},"end":{"line":11,"column":17}},"line":8}},"branchMap":{"0":{"loc":{"start":{"line":7,"column":22},"end":{"line":7,"column":46}},"type":"binary-expr","locations":[{"start":{"line":7,"column":22},"end":{"line":7,"column":32}},{"start":{"line":7,"column":36},"end":{"line":7,"column":46}}],"line":7},"1":{"loc":{"start":{"line":9,"column":20},"end":{"line":9,"column":69}},"type":"if","locations":[{"start":{"line":9,"column":20},"end":{"line":9,"column":69}},{"start":{},"end":{}}],"line":9},"2":{"loc":{"start":{"line":9,"column":24},"end":{"line":9,"column":60}},"type":"binary-expr","locations":[{"start":{"line":9,"column":24},"end":{"line":9,"column":35}},{"start":{"line":9,"column":39},"end":{"line":9,"column":60}}],"line":9}},"s":{"0":1,"1":0,"2":0,"3":0},"f":{"0":1,"1":0},"b":{"0":[1,0],"1":[0,0],"2":[0,0]},"_coverageSchema":"1a1c01bbd47fc00a2c39e90264f33305004495a9","hash":"0b20c975e5c560bf34a86ca22f1ee79097e71452"}
,"/home/eoin/www/vite/Memory/src/components/Card.jsx": {"path":"/home/eoin/www/vite/Memory/src/components/Card.jsx","statementMap":{"0":{"start":{"line":2,"column":18},"end":{"line":2,"column":50}},"1":{"start":{"line":3,"column":2},"end":{"line":3,"column":47}},"2":{"start":{"line":3,"column":20},"end":{"line":3,"column":47}},"3":{"start":{"line":5,"column":2},"end":{"line":16,"column":4}}},"fnMap":{"0":{"name":"Card","decl":{"start":{"line":1,"column":24},"end":{"line":1,"column":28}},"loc":{"start":{"line":1,"column":57},"end":{"line":18,"column":1}},"line":1}},"branchMap":{"0":{"loc":{"start":{"line":2,"column":18},"end":{"line":2,"column":50}},"type":"cond-expr","locations":[{"start":{"line":2,"column":30},"end":{"line":2,"column":36}},{"start":{"line":2,"column":39},"end":{"line":2,"column":50}}],"line":2},"1":{"loc":{"start":{"line":3,"column":2},"end":{"line":3,"column":47}},"type":"if","locations":[{"start":{"line":3,"column":2},"end":{"line":3,"column":47}},{"start":{},"end":{}}],"line":3}},"s":{"0":9,"1":9,"2":0,"3":9},"f":{"0":9},"b":{"0":[9,0],"1":[0,9]},"_coverageSchema":"1a1c01bbd47fc00a2c39e90264f33305004495a9","hash":"c60500f03020f4b1f4795e08079b675265bc7455"}
,"/home/eoin/www/vite/Memory/src/components/Settings.jsx": {"path":"/home/eoin/www/vite/Memory/src/components/Settings.jsx","statementMap":{"0":{"start":{"line":9,"column":18},"end":{"line":9,"column":41}},"1":{"start":{"line":10,"column":32},"end":{"line":10,"column":51}},"2":{"start":{"line":11,"column":17},"end":{"line":11,"column":39}},"3":{"start":{"line":12,"column":30},"end":{"line":12,"column":48}},"4":{"start":{"line":13,"column":24},"end":{"line":13,"column":53}},"5":{"start":{"line":14,"column":26},"end":{"line":14,"column":56}},"6":{"start":{"line":16,"column":2},"end":{"line":68,"column":4}},"7":{"start":{"line":27,"column":20},"end":{"line":27,"column":34}},"8":{"start":{"line":28,"column":10},"end":{"line":28,"column":27}},"9":{"start":{"line":29,"column":10},"end":{"line":29,"column":39}},"10":{"start":{"line":40,"column":24},"end":{"line":40,"column":38}},"11":{"start":{"line":41,"column":14},"end":{"line":41,"column":27}},"12":{"start":{"line":42,"column":14},"end":{"line":42,"column":39}},"13":{"start":{"line":47,"column":26},"end":{"line":47,"column":42}},"14":{"start":{"line":48,"column":14},"end":{"line":50,"column":15}},"15":{"start":{"line":59,"column":22},"end":{"line":59,"column":38}},"16":{"start":{"line":60,"column":12},"end":{"line":60,"column":26}},"17":{"start":{"line":61,"column":12},"end":{"line":61,"column":38}}},"fnMap":{"0":{"name":"Settings","decl":{"start":{"line":7,"column":24},"end":{"line":7,"column":32}},"loc":{"start":{"line":7,"column":35},"end":{"line":69,"column":1}},"line":7},"1":{"name":"(anonymous_1)","decl":{"start":{"line":26,"column":18},"end":{"line":26,"column":19}},"loc":{"start":{"line":26,"column":25},"end":{"line":30,"column":9}},"line":26},"2":{"name":"(anonymous_2)","decl":{"start":{"line":39,"column":22},"end":{"line":39,"column":23}},"loc":{"start":{"line":39,"column":29},"end":{"line":43,"column":13}},"line":39},"3":{"name":"(anonymous_3)","decl":{"start":{"line":46,"column":36},"end":{"line":46,"column":37}},"loc":{"start":{"line":46,"column":46},"end":{"line":51,"column":13}},"line":46},"4":{"name":"(anonymous_4)","decl":{"start":{"line":58,"column":20},"end":{"line":58,"column":21}},"loc":{"start":{"line":58,"column":27},"end":{"line":62,"column":11}},"line":58}},"branchMap":{},"s":{"0":1,"1":1,"2":1,"3":1,"4":1,"5":1,"6":1,"7":0,"8":0,"9":0,"10":0,"11":0,"12":0,"13":7,"14":7,"15":0,"16":0,"17":0},"f":{"0":1,"1":0,"2":0,"3":7,"4":0},"b":{},"_coverageSchema":"1a1c01bbd47fc00a2c39e90264f33305004495a9","hash":"f534f3db778349964bfe2576862dfbd91be5f0ff"}
,"/home/eoin/www/vite/Memory/src/helpers/array.js": {"path":"/home/eoin/www/vite/Memory/src/helpers/array.js","statementMap":{"0":{"start":{"line":9,"column":2},"end":{"line":12,"column":3}},"1":{"start":{"line":9,"column":15},"end":{"line":9,"column":31}},"2":{"start":{"line":10,"column":14},"end":{"line":10,"column":49}},"3":{"start":{"line":11,"column":4},"end":{"line":11,"column":48}},"4":{"start":{"line":13,"column":2},"end":{"line":13,"column":15}},"5":{"start":{"line":25,"column":4},"end":{"line":25,"column":59}}},"fnMap":{"0":{"name":"shuffle","decl":{"start":{"line":8,"column":16},"end":{"line":8,"column":23}},"loc":{"start":{"line":8,"column":31},"end":{"line":14,"column":1}},"line":8},"1":{"name":"random","decl":{"start":{"line":24,"column":16},"end":{"line":24,"column":22}},"loc":{"start":{"line":24,"column":30},"end":{"line":26,"column":1}},"line":24}},"branchMap":{},"s":{"0":15,"1":15,"2":698,"3":698,"4":15,"5":8},"f":{"0":15,"1":8},"b":{},"_coverageSchema":"1a1c01bbd47fc00a2c39e90264f33305004495a9","hash":"83c7d3e532baf3ed767c0bbbb896994db978961b"}
,"/home/eoin/www/vite/Memory/src/helpers/deck.js": {"path":"/home/eoin/www/vite/Memory/src/helpers/deck.js","statementMap":{"0":{"start":{"line":4,"column":0},"end":{"line":4,"column":20}},"1":{"start":{"line":15,"column":2},"end":{"line":15,"column":16}},"2":{"start":{"line":16,"column":14},"end":{"line":16,"column":16}},"3":{"start":{"line":17,"column":2},"end":{"line":17,"column":50}},"4":{"start":{"line":17,"column":31},"end":{"line":17,"column":48}},"5":{"start":{"line":18,"column":2},"end":{"line":18,"column":52}},"6":{"start":{"line":20,"column":17},"end":{"line":20,"column":50}},"7":{"start":{"line":22,"column":2},"end":{"line":22,"column":36}},"8":{"start":{"line":23,"column":2},"end":{"line":23,"column":70}},"9":{"start":{"line":23,"column":36},"end":{"line":23,"column":68}},"10":{"start":{"line":24,"column":2},"end":{"line":32,"column":5}},"11":{"start":{"line":25,"column":4},"end":{"line":31,"column":5}},"12":{"start":{"line":26,"column":6},"end":{"line":30,"column":8}},"13":{"start":{"line":34,"column":18},"end":{"line":34,"column":51}},"14":{"start":{"line":35,"column":2},"end":{"line":35,"column":42}},"15":{"start":{"line":47,"column":16},"end":{"line":47,"column":18}},"16":{"start":{"line":48,"column":2},"end":{"line":52,"column":5}},"17":{"start":{"line":49,"column":4},"end":{"line":51,"column":5}},"18":{"start":{"line":50,"column":6},"end":{"line":50,"column":46}},"19":{"start":{"line":54,"column":2},"end":{"line":58,"column":3}},"20":{"start":{"line":55,"column":4},"end":{"line":55,"column":44}},"21":{"start":{"line":57,"column":4},"end":{"line":57,"column":14}},"22":{"start":{"line":70,"column":2},"end":{"line":74,"column":5}},"23":{"start":{"line":71,"column":4},"end":{"line":73,"column":5}},"24":{"start":{"line":72,"column":6},"end":{"line":72,"column":23}},"25":{"start":{"line":75,"column":2},"end":{"line":75,"column":15}},"26":{"start":{"line":87,"column":16},"end":{"line":87,"column":17}},"27":{"start":{"line":88,"column":2},"end":{"line":92,"column":5}},"28":{"start":{"line":89,"column":4},"end":{"line":91,"column":5}},"29":{"start":{"line":90,"column":6},"end":{"line":90,"column":16}},"30":{"start":{"line":94,"column":2},"end":{"line":94,"column":34}},"31":{"start":{"line":106,"column":13},"end":{"line":106,"column":47}},"32":{"start":{"line":107,"column":2},"end":{"line":109,"column":4}},"33":{"start":{"line":108,"column":4},"end":{"line":108,"column":39}}},"fnMap":{"0":{"name":"deal","decl":{"start":{"line":14,"column":9},"end":{"line":14,"column":13}},"loc":{"start":{"line":14,"column":46},"end":{"line":36,"column":1}},"line":14},"1":{"name":"(anonymous_1)","decl":{"start":{"line":24,"column":19},"end":{"line":24,"column":20}},"loc":{"start":{"line":24,"column":26},"end":{"line":32,"column":3}},"line":24},"2":{"name":"checkMatchedCards","decl":{"start":{"line":46,"column":9},"end":{"line":46,"column":26}},"loc":{"start":{"line":46,"column":34},"end":{"line":59,"column":1}},"line":46},"3":{"name":"(anonymous_3)","decl":{"start":{"line":48,"column":16},"end":{"line":48,"column":17}},"loc":{"start":{"line":48,"column":29},"end":{"line":52,"column":3}},"line":48},"4":{"name":"hideUnmatchedCards","decl":{"start":{"line":69,"column":9},"end":{"line":69,"column":27}},"loc":{"start":{"line":69,"column":35},"end":{"line":76,"column":1}},"line":69},"5":{"name":"(anonymous_5)","decl":{"start":{"line":70,"column":16},"end":{"line":70,"column":17}},"loc":{"start":{"line":70,"column":26},"end":{"line":74,"column":3}},"line":70},"6":{"name":"checkFinished","decl":{"start":{"line":86,"column":9},"end":{"line":86,"column":22}},"loc":{"start":{"line":86,"column":30},"end":{"line":95,"column":1}},"line":86},"7":{"name":"(anonymous_7)","decl":{"start":{"line":88,"column":16},"end":{"line":88,"column":17}},"loc":{"start":{"line":88,"column":26},"end":{"line":92,"column":3}},"line":88},"8":{"name":"cleanDeck","decl":{"start":{"line":105,"column":9},"end":{"line":105,"column":18}},"loc":{"start":{"line":105,"column":29},"end":{"line":110,"column":1}},"line":105},"9":{"name":"(anonymous_9)","decl":{"start":{"line":107,"column":26},"end":{"line":107,"column":27}},"loc":{"start":{"line":107,"column":35},"end":{"line":109,"column":3}},"line":107}},"branchMap":{"0":{"loc":{"start":{"line":14,"column":14},"end":{"line":14,"column":26}},"type":"default-arg","locations":[{"start":{"line":14,"column":25},"end":{"line":14,"column":26}}],"line":14},"1":{"loc":{"start":{"line":14,"column":28},"end":{"line":14,"column":44}},"type":"default-arg","locations":[{"start":{"line":14,"column":39},"end":{"line":14,"column":44}}],"line":14},"2":{"loc":{"start":{"line":17,"column":2},"end":{"line":17,"column":50}},"type":"if","locations":[{"start":{"line":17,"column":2},"end":{"line":17,"column":50}},{"start":{},"end":{}}],"line":17},"3":{"loc":{"start":{"line":18,"column":13},"end":{"line":18,"column":51}},"type":"binary-expr","locations":[{"start":{"line":18,"column":13},"end":{"line":18,"column":21}},{"start":{"line":18,"column":25},"end":{"line":18,"column":51}}],"line":18},"4":{"loc":{"start":{"line":23,"column":2},"end":{"line":23,"column":70}},"type":"if","locations":[{"start":{"line":23,"column":2},"end":{"line":23,"column":70}},{"start":{},"end":{}}],"line":23},"5":{"loc":{"start":{"line":25,"column":4},"end":{"line":31,"column":5}},"type":"if","locations":[{"start":{"line":25,"column":4},"end":{"line":31,"column":5}},{"start":{},"end":{}}],"line":25},"6":{"loc":{"start":{"line":49,"column":4},"end":{"line":51,"column":5}},"type":"if","locations":[{"start":{"line":49,"column":4},"end":{"line":51,"column":5}},{"start":{},"end":{}}],"line":49},"7":{"loc":{"start":{"line":49,"column":8},"end":{"line":49,"column":53}},"type":"binary-expr","locations":[{"start":{"line":49,"column":8},"end":{"line":49,"column":27}},{"start":{"line":49,"column":31},"end":{"line":49,"column":53}}],"line":49},"8":{"loc":{"start":{"line":54,"column":2},"end":{"line":58,"column":3}},"type":"if","locations":[{"start":{"line":54,"column":2},"end":{"line":58,"column":3}},{"start":{"line":56,"column":9},"end":{"line":58,"column":3}}],"line":54},"9":{"loc":{"start":{"line":54,"column":6},"end":{"line":54,"column":65}},"type":"binary-expr","locations":[{"start":{"line":54,"column":6},"end":{"line":54,"column":26}},{"start":{"line":54,"column":30},"end":{"line":54,"column":65}}],"line":54},"10":{"loc":{"start":{"line":71,"column":4},"end":{"line":73,"column":5}},"type":"if","locations":[{"start":{"line":71,"column":4},"end":{"line":73,"column":5}},{"start":{},"end":{}}],"line":71},"11":{"loc":{"start":{"line":89,"column":4},"end":{"line":91,"column":5}},"type":"if","locations":[{"start":{"line":89,"column":4},"end":{"line":91,"column":5}},{"start":{},"end":{}}],"line":89}},"s":{"0":3,"1":7,"2":7,"3":7,"4":0,"5":7,"6":7,"7":7,"8":7,"9":0,"10":7,"11":632,"12":32,"13":7,"14":7,"15":3,"16":3,"17":24,"18":4,"19":3,"20":2,"21":1,"22":2,"23":16,"24":14,"25":2,"26":2,"27":2,"28":16,"29":8,"30":2,"31":7,"32":7,"33":683},"f":{"0":7,"1":632,"2":3,"3":24,"4":2,"5":16,"6":2,"7":16,"8":7,"9":683},"b":{"0":[5],"1":[7],"2":[0,7],"3":[7,7],"4":[0,7],"5":[32,600],"6":[4,20],"7":[24,4],"8":[2,1],"9":[3,2],"10":[14,2],"11":[8,8]},"_coverageSchema":"1a1c01bbd47fc00a2c39e90264f33305004495a9","hash":"d22eb89accb0ee628f2ef0ddb61d6fffa42507cf"}
,"/home/eoin/www/vite/Memory/src/helpers/defaults.js": {"path":"/home/eoin/www/vite/Memory/src/helpers/defaults.js","statementMap":{},"fnMap":{},"branchMap":{},"s":{},"f":{},"b":{},"_coverageSchema":"1a1c01bbd47fc00a2c39e90264f33305004495a9","hash":"c03d22f90345115ea74e30f11cf00a4c450d5bff"}
,"/home/eoin/www/vite/Memory/src/helpers/sfx.js": {"path":"/home/eoin/www/vite/Memory/src/helpers/sfx.js","statementMap":{"0":{"start":{"line":5,"column":2},"end":{"line":5,"column":35}},"1":{"start":{"line":5,"column":28},"end":{"line":5,"column":35}},"2":{"start":{"line":6,"column":2},"end":{"line":6,"column":23}},"3":{"start":{"line":9,"column":14},"end":{"line":15,"column":1}}},"fnMap":{"0":{"name":"sfx","decl":{"start":{"line":4,"column":24},"end":{"line":4,"column":27}},"loc":{"start":{"line":4,"column":34},"end":{"line":7,"column":1}},"line":4}},"branchMap":{"0":{"loc":{"start":{"line":5,"column":2},"end":{"line":5,"column":35}},"type":"if","locations":[{"start":{"line":5,"column":2},"end":{"line":5,"column":35}},{"start":{},"end":{}}],"line":5}},"s":{"0":0,"1":0,"2":0,"3":1},"f":{"0":0},"b":{"0":[0,0]},"_coverageSchema":"1a1c01bbd47fc00a2c39e90264f33305004495a9","hash":"8e87c866fd082fcf5e4b702ae86aa0b09cc90c9d"}
,"/home/eoin/www/vite/Memory/src/helpers/storage.js": {"path":"/home/eoin/www/vite/Memory/src/helpers/storage.js","statementMap":{"0":{"start":{"line":3,"column":18},"end":{"line":7,"column":1}},"1":{"start":{"line":9,"column":12},"end":{"line":10,"column":37}},"2":{"start":{"line":19,"column":12},"end":{"line":25,"column":1}},"3":{"start":{"line":20,"column":12},"end":{"line":20,"column":30}},"4":{"start":{"line":21,"column":2},"end":{"line":23,"column":3}},"5":{"start":{"line":22,"column":4},"end":{"line":22,"column":24}},"6":{"start":{"line":24,"column":2},"end":{"line":24,"column":29}},"7":{"start":{"line":36,"column":12},"end":{"line":38,"column":1}},"8":{"start":{"line":37,"column":2},"end":{"line":37,"column":26}},"9":{"start":{"line":48,"column":12},"end":{"line":50,"column":1}},"10":{"start":{"line":49,"column":2},"end":{"line":49,"column":24}},"11":{"start":{"line":55,"column":20},"end":{"line":55,"column":32}},"12":{"start":{"line":56,"column":2},"end":{"line":62,"column":3}},"13":{"start":{"line":57,"column":4},"end":{"line":57,"column":40}},"14":{"start":{"line":58,"column":4},"end":{"line":58,"column":35}},"15":{"start":{"line":59,"column":4},"end":{"line":59,"column":16}},"16":{"start":{"line":61,"column":4},"end":{"line":61,"column":17}},"17":{"start":{"line":66,"column":2},"end":{"line":68,"column":3}},"18":{"start":{"line":67,"column":4},"end":{"line":67,"column":28}},"19":{"start":{"line":70,"column":2},"end":{"line":70,"column":37}},"20":{"start":{"line":70,"column":24},"end":{"line":70,"column":35}},"21":{"start":{"line":71,"column":2},"end":{"line":71,"column":39}},"22":{"start":{"line":71,"column":25},"end":{"line":71,"column":37}},"23":{"start":{"line":73,"column":2},"end":{"line":73,"column":42}},"24":{"start":{"line":73,"column":29},"end":{"line":73,"column":40}},"25":{"start":{"line":74,"column":2},"end":{"line":74,"column":40}},"26":{"start":{"line":74,"column":27},"end":{"line":74,"column":38}},"27":{"start":{"line":76,"column":2},"end":{"line":76,"column":13}}},"fnMap":{"0":{"name":"(anonymous_0)","decl":{"start":{"line":5,"column":11},"end":{"line":5,"column":12}},"loc":{"start":{"line":5,"column":22},"end":{"line":5,"column":24}},"line":5},"1":{"name":"(anonymous_1)","decl":{"start":{"line":6,"column":11},"end":{"line":6,"column":12}},"loc":{"start":{"line":6,"column":22},"end":{"line":6,"column":24}},"line":6},"2":{"name":"(anonymous_2)","decl":{"start":{"line":19,"column":12},"end":{"line":19,"column":13}},"loc":{"start":{"line":19,"column":21},"end":{"line":25,"column":1}},"line":19},"3":{"name":"(anonymous_3)","decl":{"start":{"line":36,"column":12},"end":{"line":36,"column":13}},"loc":{"start":{"line":36,"column":26},"end":{"line":38,"column":1}},"line":36},"4":{"name":"(anonymous_4)","decl":{"start":{"line":48,"column":12},"end":{"line":48,"column":13}},"loc":{"start":{"line":48,"column":21},"end":{"line":50,"column":1}},"line":48},"5":{"name":"checkLocalStorage","decl":{"start":{"line":54,"column":9},"end":{"line":54,"column":26}},"loc":{"start":{"line":54,"column":50},"end":{"line":63,"column":1}},"line":54},"6":{"name":"normalize","decl":{"start":{"line":65,"column":9},"end":{"line":65,"column":18}},"loc":{"start":{"line":65,"column":29},"end":{"line":77,"column":1}},"line":65}},"branchMap":{"0":{"loc":{"start":{"line":9,"column":12},"end":{"line":10,"column":37}},"type":"cond-expr","locations":[{"start":{"line":10,"column":4},"end":{"line":10,"column":23}},{"start":{"line":10,"column":26},"end":{"line":10,"column":37}}],"line":9},"1":{"loc":{"start":{"line":21,"column":2},"end":{"line":23,"column":3}},"type":"if","locations":[{"start":{"line":21,"column":2},"end":{"line":23,"column":3}},{"start":{},"end":{}}],"line":21},"2":{"loc":{"start":{"line":21,"column":6},"end":{"line":21,"column":35}},"type":"binary-expr","locations":[{"start":{"line":21,"column":6},"end":{"line":21,"column":18}},{"start":{"line":21,"column":22},"end":{"line":21,"column":35}}],"line":21},"3":{"loc":{"start":{"line":54,"column":27},"end":{"line":54,"column":48}},"type":"default-arg","locations":[{"start":{"line":54,"column":34},"end":{"line":54,"column":48}}],"line":54},"4":{"loc":{"start":{"line":66,"column":2},"end":{"line":68,"column":3}},"type":"if","locations":[{"start":{"line":66,"column":2},"end":{"line":68,"column":3}},{"start":{},"end":{}}],"line":66},"5":{"loc":{"start":{"line":70,"column":2},"end":{"line":70,"column":37}},"type":"if","locations":[{"start":{"line":70,"column":2},"end":{"line":70,"column":37}},{"start":{},"end":{}}],"line":70},"6":{"loc":{"start":{"line":71,"column":2},"end":{"line":71,"column":39}},"type":"if","locations":[{"start":{"line":71,"column":2},"end":{"line":71,"column":39}},{"start":{},"end":{}}],"line":71},"7":{"loc":{"start":{"line":73,"column":2},"end":{"line":73,"column":42}},"type":"if","locations":[{"start":{"line":73,"column":2},"end":{"line":73,"column":42}},{"start":{},"end":{}}],"line":73},"8":{"loc":{"start":{"line":74,"column":2},"end":{"line":74,"column":40}},"type":"if","locations":[{"start":{"line":74,"column":2},"end":{"line":74,"column":40}},{"start":{},"end":{}}],"line":74}},"s":{"0":2,"1":2,"2":2,"3":10,"4":10,"5":3,"6":10,"7":2,"8":4,"9":2,"10":2,"11":2,"12":2,"13":2,"14":2,"15":2,"16":0,"17":10,"18":3,"19":10,"20":1,"21":10,"22":1,"23":10,"24":0,"25":10,"26":0,"27":10},"f":{"0":0,"1":0,"2":10,"3":4,"4":2,"5":2,"6":10},"b":{"0":[2,0],"1":[3,7],"2":[10,6],"3":[2],"4":[3,7],"5":[1,9],"6":[1,9],"7":[0,10],"8":[0,10]},"_coverageSchema":"1a1c01bbd47fc00a2c39e90264f33305004495a9","hash":"19f22726a22f7697a83e51597f6f6d2c9d44ff11"}
}
