TN:
SF:src/components/Board.jsx
FN:3,Board
FN:9,(anonymous_1)
FNF:2
FNH:2
FNDA:1,Board
FNDA:8,(anonymous_1)
DA:6,1
DA:10,8
LF:2
LH:2
BRF:0
BRH:0
end_of_record
TN:
SF:src/components/Button.jsx
FN:3,Button
FN:8,(anonymous_1)
FNF:2
FNH:1
FNDA:1,Button
FNDA:0,(anonymous_1)
DA:4,1
DA:9,0
DA:10,0
LF:3
LH:1
BRDA:7,0,0,1
BRDA:7,0,1,0
BRDA:9,1,0,0
BRDA:9,1,1,0
BRDA:9,2,0,0
BRDA:9,2,1,0
BRF:6
BRH:1
end_of_record
TN:
SF:src/components/Card.jsx
FN:1,Card
FNF:1
FNH:1
FNDA:9,Card
DA:2,9
DA:3,9
DA:5,9
LF:3
LH:3
BRDA:2,0,0,9
BRDA:2,0,1,0
BRDA:3,1,0,0
BRDA:3,1,1,9
BRF:4
BRH:2
end_of_record
TN:
SF:src/components/Settings.jsx
FN:7,Settings
FN:26,(anonymous_1)
FN:39,(anonymous_2)
FN:46,(anonymous_3)
FN:58,(anonymous_4)
FNF:5
FNH:2
FNDA:1,Settings
FNDA:0,(anonymous_1)
FNDA:0,(anonymous_2)
FNDA:7,(anonymous_3)
FNDA:0,(anonymous_4)
DA:9,1
DA:10,1
DA:11,1
DA:12,1
DA:13,1
DA:14,1
DA:16,1
DA:27,0
DA:28,0
DA:29,0
DA:40,0
DA:41,0
DA:42,0
DA:47,7
DA:48,7
DA:59,0
DA:60,0
DA:61,0
LF:18
LH:9
BRF:0
BRH:0
end_of_record
TN:
SF:src/helpers/array.js
FN:8,shuffle
FN:24,random
FNF:2
FNH:2
FNDA:15,shuffle
FNDA:8,random
DA:9,15
DA:10,698
DA:11,698
DA:13,15
DA:25,8
LF:5
LH:5
BRF:0
BRH:0
end_of_record
TN:
SF:src/helpers/deck.js
FN:14,deal
FN:24,(anonymous_1)
FN:46,checkMatchedCards
FN:48,(anonymous_3)
FN:69,hideUnmatchedCards
FN:70,(anonymous_5)
FN:86,checkFinished
FN:88,(anonymous_7)
FN:105,cleanDeck
FN:107,(anonymous_9)
FNF:10
FNH:10
FNDA:7,deal
FNDA:632,(anonymous_1)
FNDA:3,checkMatchedCards
FNDA:24,(anonymous_3)
FNDA:2,hideUnmatchedCards
FNDA:16,(anonymous_5)
FNDA:2,checkFinished
FNDA:16,(anonymous_7)
FNDA:7,cleanDeck
FNDA:683,(anonymous_9)
DA:4,3
DA:15,7
DA:16,7
DA:17,7
DA:18,7
DA:20,7
DA:22,7
DA:23,7
DA:24,7
DA:25,632
DA:26,32
DA:34,7
DA:35,7
DA:47,3
DA:48,3
DA:49,24
DA:50,4
DA:54,3
DA:55,2
DA:57,1
DA:70,2
DA:71,16
DA:72,14
DA:75,2
DA:87,2
DA:88,2
DA:89,16
DA:90,8
DA:94,2
DA:106,7
DA:107,7
DA:108,683
LF:32
LH:32
BRDA:14,0,0,5
BRDA:14,1,0,7
BRDA:17,2,0,0
BRDA:17,2,1,7
BRDA:18,3,0,7
BRDA:18,3,1,7
BRDA:23,4,0,0
BRDA:23,4,1,7
BRDA:25,5,0,32
BRDA:25,5,1,600
BRDA:49,6,0,4
BRDA:49,6,1,20
BRDA:49,7,0,24
BRDA:49,7,1,4
BRDA:54,8,0,2
BRDA:54,8,1,1
BRDA:54,9,0,3
BRDA:54,9,1,2
BRDA:71,10,0,14
BRDA:71,10,1,2
BRDA:89,11,0,8
BRDA:89,11,1,8
BRF:22
BRH:20
end_of_record
TN:
SF:src/helpers/defaults.js
FNF:0
FNH:0
LF:0
LH:0
BRF:0
BRH:0
end_of_record
TN:
SF:src/helpers/sfx.js
FN:4,sfx
FNF:1
FNH:0
FNDA:0,sfx
DA:5,0
DA:6,0
DA:9,1
LF:3
LH:1
BRDA:5,0,0,0
BRDA:5,0,1,0
BRF:2
BRH:0
end_of_record
TN:
SF:src/helpers/storage.js
FN:5,(anonymous_0)
FN:6,(anonymous_1)
FN:19,(anonymous_2)
FN:36,(anonymous_3)
FN:48,(anonymous_4)
FN:54,checkLocalStorage
FN:65,normalize
FNF:7
FNH:5
FNDA:0,(anonymous_0)
FNDA:0,(anonymous_1)
FNDA:10,(anonymous_2)
FNDA:4,(anonymous_3)
FNDA:2,(anonymous_4)
FNDA:2,checkLocalStorage
FNDA:10,normalize
DA:3,2
DA:9,2
DA:19,2
DA:20,10
DA:21,10
DA:22,3
DA:24,10
DA:36,2
DA:37,4
DA:48,2
DA:49,2
DA:55,2
DA:56,2
DA:57,2
DA:58,2
DA:59,2
DA:61,0
DA:66,10
DA:67,3
DA:70,10
DA:71,10
DA:73,10
DA:74,10
DA:76,10
LF:24
LH:23
BRDA:9,0,0,2
BRDA:9,0,1,0
BRDA:21,1,0,3
BRDA:21,1,1,7
BRDA:21,2,0,10
BRDA:21,2,1,6
BRDA:54,3,0,2
BRDA:66,4,0,3
BRDA:66,4,1,7
BRDA:70,5,0,1
BRDA:70,5,1,9
BRDA:71,6,0,1
BRDA:71,6,1,9
BRDA:73,7,0,0
BRDA:73,7,1,10
BRDA:74,8,0,0
BRDA:74,8,1,10
BRF:17
BRH:14
end_of_record
